<?xml version="1.0" encoding="utf-8"?><testsuites><testsuite name="pytest" errors="0" failures="0" skipped="0" tests="60" time="20.521" timestamp="2026-08-29T21:53:49.885545+03:00" hostname="DESKTOP-F19EC3T"><testcase classname="tests.test_api" name="test_health_endpoint" time="0.008" /><testcase classname="tests.test_api" name="test_query_endpoint_returns_answer_and_sources" time="0.008" /><testcase classname="tests.test_api" name="test_query_endpoint_rejects_missing_query_field" time="0.006" /><testcase classname="tests.test_chunking" name="test_article_structure_produces_one_chunk_per_madde" time="0.001" /><testcase classname="tests.test_chunking" name="test_article_chunk_carries_chapter_as_section" time="0.001" /><testcase classname="tests.test_chunking" name="test_oversized_article_splits_on_subclauses" time="0.001" /><testcase classname="tests.test_chunking" name="test_qa_structure_produces_one_chunk_per_pair" time="0.001" /><testcase classname="tests.test_chunking" name="test_qa_takes_priority_over_article_splitting" time="0.001" /><testcase classname="tests.test_chunking" name="test_no_structure_falls_back_to_character_splitter_with_title" time="0.001" /><testcase classname="tests.test_chunking" name="test_empty_document_produces_no_crash" time="0.001" /><testcase classname="tests.test_chunking" name="test_tanimlar_article_splits_one_chunk_per_lettered_definition" time="0.001" /><testcase classname="tests.test_chunking" name="test_tanimlar_article_with_few_items_falls_back_to_normal_splitting" time="0.001" /><testcase classname="tests.test_fusion" name="test_single_list_preserves_relative_order" time="0.001" /><testcase classname="tests.test_fusion" name="test_item_ranked_high_in_multiple_lists_wins" time="0.001" /><testcase classname="tests.test_fusion" name="test_item_only_in_one_list_still_included" time="0.001" /><testcase classname="tests.test_fusion" name="test_empty_input_returns_empty" time="0.001" /><testcase classname="tests.test_fusion" name="test_scores_are_monotonically_non_increasing" time="0.001" /><testcase classname="tests.test_loaders" name="test_load_document_txt_override_takes_priority_over_pdf" time="0.012" /><testcase classname="tests.test_loaders" name="test_load_document_unsupported_extension_raises" time="0.005" /><testcase classname="tests.test_loaders" name="test_iter_corpus_skips_txt_that_overrides_a_pdf" time="0.007" /><testcase classname="tests.test_loaders" name="test_iter_corpus_includes_standalone_txt_with_no_sibling" time="0.007" /><testcase classname="tests.test_loaders" name="test_iter_corpus_ignores_unrelated_file_types" time="0.006" /><testcase classname="tests.test_prompts" name="test_build_context_block_empty_chunks_gives_placeholder" time="0.001" /><testcase classname="tests.test_prompts" name="test_build_context_block_includes_source_and_article" time="0.001" /><testcase classname="tests.test_prompts" name="test_build_context_block_numbers_multiple_sources" time="0.001" /><testcase classname="tests.test_prompts" name="test_build_prompt_includes_query_and_sources_instruction" time="0.001" /><testcase classname="tests.test_query_classifier" name="test_detect_degree_level_doktora_turkish_and_english" time="0.001" /><testcase classname="tests.test_query_classifier" name="test_detect_degree_level_yuksek_lisans_not_misdetected_as_lisans" time="0.001" /><testcase classname="tests.test_query_classifier" name="test_detect_degree_level_bare_lisans" time="0.001" /><testcase classname="tests.test_query_classifier" name="test_detect_degree_level_onlisans" time="0.001" /><testcase classname="tests.test_query_classifier" name="test_detect_degree_level_none_when_no_keyword" time="0.001" /><testcase classname="tests.test_query_classifier" name="test_apply_category_boost_promotes_matching_file" time="0.001" /><testcase classname="tests.test_query_classifier" name="test_apply_category_boost_no_op_when_no_level_detected" time="0.001" /><testcase classname="tests.test_query_classifier" name="test_detect_academic_year" time="0.001" /><testcase classname="tests.test_query_classifier" name="test_apply_category_boost_promotes_unambiguous_year_match" time="0.001" /><testcase classname="tests.test_query_classifier" name="test_apply_category_boost_penalizes_conflicting_year_chunk" time="0.001" /><testcase classname="tests.test_query_classifier" name="test_apply_category_boost_neutral_when_chunk_has_no_year" time="0.001" /><testcase classname="tests.test_query_classifier" name="test_is_generic_engineering_faculty_staj_query_true_without_department" time="0.001" /><testcase classname="tests.test_query_classifier" name="test_is_generic_engineering_faculty_staj_query_false_with_department_named" time="0.001" /><testcase classname="tests.test_query_classifier" name="test_is_generic_engineering_faculty_staj_query_false_without_staj_keyword" time="0.001" /><testcase classname="tests.test_query_classifier" name="test_apply_category_boost_promotes_faculty_staj_yonergesi" time="0.001" /><testcase classname="tests.test_query_classifier" name="test_apply_category_boost_skips_lettered_definition_items_in_faculty_staj_file" time="0.001" /><testcase classname="tests.test_query_classifier" name="test_is_definition_seeking_query" time="0.001" /><testcase classname="tests.test_query_classifier" name="test_find_definition_chunks_matching_query_finds_lettered_term" time="0.001" /><testcase classname="tests.test_query_classifier" name="test_apply_category_boost_injects_definition_chunk_absent_from_fused_pool" time="0.001" /><testcase classname="tests.test_query_classifier" name="test_apply_category_boost_promotes_definition_chunk_even_when_already_ranked_low" time="0.001" /><testcase classname="tests.test_retrieval_integration" name="test_dense_search_returns_k_results_sorted_descending" time="6.081" /><testcase classname="tests.test_retrieval_integration" name="test_dense_search_batch_matches_query_count" time="0.030" /><testcase classname="tests.test_retrieval_integration" name="test_dense_search_finds_topically_relevant_document" time="0.031" /><testcase classname="tests.test_retrieval_integration" name="test_sparse_search_returns_only_positive_scores" time="0.075" /><testcase classname="tests.test_retrieval_integration" name="test_sparse_search_scores_sorted_descending" time="0.009" /><testcase classname="tests.test_retrieval_integration" name="test_sparse_search_exact_keyword_match_surfaces_right_document" time="0.003" /><testcase classname="tests.test_retrieval_integration" name="test_sparse_search_nonsense_query_can_return_empty" time="0.002" /><testcase classname="tests.test_retrieval_integration" name="test_reranker_empty_candidates_returns_empty" time="3.528" /><testcase classname="tests.test_retrieval_integration" name="test_reranker_scores_all_candidates_and_sorts_descending" time="0.278" /><testcase classname="tests.test_retrieval_integration" name="test_reranker_prefers_topically_relevant_chunk" time="0.181" /><testcase classname="tests.test_text_utils" name="test_turkish_lower_handles_dotted_and_dotless_i" time="0.001" /><testcase classname="tests.test_text_utils" name="test_tokenize_turkish_extracts_words_only" time="0.001" /><testcase classname="tests.test_text_utils" name="test_tokenize_turkish_removes_stopwords_by_default" time="0.001" /><testcase classname="tests.test_text_utils" name="test_tokenize_turkish_can_keep_stopwords" time="0.235" /></testsuite></testsuites>